2020-01-26 15:25:09,756 DEBUG [Forwarding newSession on session null to remote] RequestAddCookies:123 - CookieSpec selected: default
2020-01-26 15:25:09,829 DEBUG [Forwarding newSession on session null to remote] RequestAuthCache:77 - Auth cache not set in the context
2020-01-26 15:25:09,848 DEBUG [Forwarding newSession on session null to remote] PoolingHttpClientConnectionManager:255 - Connection request: [route: {}->http://localhost:22633][total kept alive: 0; route allocated: 0 of 2000; total allocated: 0 of 2000]
2020-01-26 15:25:09,915 DEBUG [Forwarding newSession on session null to remote] PoolingHttpClientConnectionManager:288 - Connection leased: [id: 0][route: {}->http://localhost:22633][total kept alive: 0; route allocated: 1 of 2000; total allocated: 1 of 2000]
2020-01-26 15:25:09,927 DEBUG [Forwarding newSession on session null to remote] MainClientExec:235 - Opening connection {}->http://localhost:22633
2020-01-26 15:25:09,935 DEBUG [Forwarding newSession on session null to remote] DefaultHttpClientConnectionOperator:139 - Connecting to localhost/127.0.0.1:22633
2020-01-26 15:25:09,947 DEBUG [Forwarding newSession on session null to remote] DefaultHttpClientConnectionOperator:146 - Connection established 127.0.0.1:53486<->127.0.0.1:22633
2020-01-26 15:25:09,950 DEBUG [Forwarding newSession on session null to remote] DefaultManagedHttpClientConnection:88 - http-outgoing-0: set socket timeout to 10800000
2020-01-26 15:25:09,954 DEBUG [Forwarding newSession on session null to remote] MainClientExec:256 - Executing request POST /session HTTP/1.1
2020-01-26 15:25:09,956 DEBUG [Forwarding newSession on session null to remote] MainClientExec:261 - Target auth state: UNCHALLENGED
2020-01-26 15:25:09,961 DEBUG [Forwarding newSession on session null to remote] MainClientExec:267 - Proxy auth state: UNCHALLENGED
2020-01-26 15:25:09,971 DEBUG [Forwarding newSession on session null to remote] headers:133 - http-outgoing-0 >> POST /session HTTP/1.1
2020-01-26 15:25:09,974 DEBUG [Forwarding newSession on session null to remote] headers:136 - http-outgoing-0 >> Content-Type: application/json; charset=utf-8
2020-01-26 15:25:09,977 DEBUG [Forwarding newSession on session null to remote] headers:136 - http-outgoing-0 >> Content-Length: 585
2020-01-26 15:25:09,979 DEBUG [Forwarding newSession on session null to remote] headers:136 - http-outgoing-0 >> Host: localhost:22633
2020-01-26 15:25:09,981 DEBUG [Forwarding newSession on session null to remote] headers:136 - http-outgoing-0 >> Connection: Keep-Alive
2020-01-26 15:25:09,983 DEBUG [Forwarding newSession on session null to remote] headers:136 - http-outgoing-0 >> User-Agent: Apache-HttpClient/4.5.3 (Java/9.0.4)
2020-01-26 15:25:09,985 DEBUG [Forwarding newSession on session null to remote] headers:136 - http-outgoing-0 >> Accept-Encoding: gzip,deflate
2020-01-26 15:25:09,988 DEBUG [Forwarding newSession on session null to remote] wire:73 - http-outgoing-0 >> "POST /session HTTP/1.1[\r][\n]"
2020-01-26 15:25:09,990 DEBUG [Forwarding newSession on session null to remote] wire:73 - http-outgoing-0 >> "Content-Type: application/json; charset=utf-8[\r][\n]"
2020-01-26 15:25:09,994 DEBUG [Forwarding newSession on session null to remote] wire:73 - http-outgoing-0 >> "Content-Length: 585[\r][\n]"
2020-01-26 15:25:09,996 DEBUG [Forwarding newSession on session null to remote] wire:73 - http-outgoing-0 >> "Host: localhost:22633[\r][\n]"
2020-01-26 15:25:09,999 DEBUG [Forwarding newSession on session null to remote] wire:73 - http-outgoing-0 >> "Connection: Keep-Alive[\r][\n]"
2020-01-26 15:25:10,001 DEBUG [Forwarding newSession on session null to remote] wire:73 - http-outgoing-0 >> "User-Agent: Apache-HttpClient/4.5.3 (Java/9.0.4)[\r][\n]"
2020-01-26 15:25:10,003 DEBUG [Forwarding newSession on session null to remote] wire:73 - http-outgoing-0 >> "Accept-Encoding: gzip,deflate[\r][\n]"
2020-01-26 15:25:10,007 DEBUG [Forwarding newSession on session null to remote] wire:73 - http-outgoing-0 >> "[\r][\n]"
2020-01-26 15:25:10,009 DEBUG [Forwarding newSession on session null to remote] wire:73 - http-outgoing-0 >> "{[\n]"
2020-01-26 15:25:10,011 DEBUG [Forwarding newSession on session null to remote] wire:73 - http-outgoing-0 >> "  "desiredCapabilities": {[\n]"
2020-01-26 15:25:10,013 DEBUG [Forwarding newSession on session null to remote] wire:73 - http-outgoing-0 >> "    "ensureCleanSession": true,[\n]"
2020-01-26 15:25:10,016 DEBUG [Forwarding newSession on session null to remote] wire:73 - http-outgoing-0 >> "    "se:ieOptions": {},[\n]"
2020-01-26 15:25:10,018 DEBUG [Forwarding newSession on session null to remote] wire:73 - http-outgoing-0 >> "    "browserName": "internet explorer",[\n]"
2020-01-26 15:25:10,026 DEBUG [Forwarding newSession on session null to remote] wire:73 - http-outgoing-0 >> "    "version": "",[\n]"
2020-01-26 15:25:10,028 DEBUG [Forwarding newSession on session null to remote] wire:73 - http-outgoing-0 >> "    "platform": "WINDOWS"[\n]"
2020-01-26 15:25:10,030 DEBUG [Forwarding newSession on session null to remote] wire:73 - http-outgoing-0 >> "  },[\n]"
2020-01-26 15:25:10,032 DEBUG [Forwarding newSession on session null to remote] wire:73 - http-outgoing-0 >> "  "requiredCapabilities": {},[\n]"
2020-01-26 15:25:10,034 DEBUG [Forwarding newSession on session null to remote] wire:73 - http-outgoing-0 >> "  "capabilities": {[\n]"
2020-01-26 15:25:10,036 DEBUG [Forwarding newSession on session null to remote] wire:73 - http-outgoing-0 >> "    "desiredCapabilities": {[\n]"
2020-01-26 15:25:10,042 DEBUG [Forwarding newSession on session null to remote] wire:73 - http-outgoing-0 >> "      "ensureCleanSession": true,[\n]"
2020-01-26 15:25:10,044 DEBUG [Forwarding newSession on session null to remote] wire:73 - http-outgoing-0 >> "      "se:ieOptions": {},[\n]"
2020-01-26 15:25:10,047 DEBUG [Forwarding newSession on session null to remote] wire:73 - http-outgoing-0 >> "      "browserName": "internet explorer",[\n]"
2020-01-26 15:25:10,049 DEBUG [Forwarding newSession on session null to remote] wire:73 - http-outgoing-0 >> "      "version": "",[\n]"
2020-01-26 15:25:10,051 DEBUG [Forwarding newSession on session null to remote] wire:73 - http-outgoing-0 >> "      "platform": "WINDOWS"[\n]"
2020-01-26 15:25:10,053 DEBUG [Forwarding newSession on session null to remote] wire:73 - http-outgoing-0 >> "    },[\n]"
2020-01-26 15:25:10,054 DEBUG [Forwarding newSession on session null to remote] wire:73 - http-outgoing-0 >> "    "requiredCapabilities": {},[\n]"
2020-01-26 15:25:10,056 DEBUG [Forwarding newSession on session null to remote] wire:73 - http-outgoing-0 >> "    "alwaysMatch": {},[\n]"
2020-01-26 15:25:10,059 DEBUG [Forwarding newSession on session null to remote] wire:73 - http-outgoing-0 >> "    "firstMatch": [[\n]"
2020-01-26 15:25:10,061 DEBUG [Forwarding newSession on session null to remote] wire:73 - http-outgoing-0 >> "      {[\n]"
2020-01-26 15:25:10,063 DEBUG [Forwarding newSession on session null to remote] wire:73 - http-outgoing-0 >> "        "se:ieOptions": {},[\n]"
2020-01-26 15:25:10,065 DEBUG [Forwarding newSession on session null to remote] wire:73 - http-outgoing-0 >> "        "browserName": "internet explorer"[\n]"
2020-01-26 15:25:10,066 DEBUG [Forwarding newSession on session null to remote] wire:73 - http-outgoing-0 >> "      }[\n]"
2020-01-26 15:25:10,068 DEBUG [Forwarding newSession on session null to remote] wire:73 - http-outgoing-0 >> "    ][\n]"
2020-01-26 15:25:10,072 DEBUG [Forwarding newSession on session null to remote] wire:73 - http-outgoing-0 >> "  }[\n]"
2020-01-26 15:25:10,079 DEBUG [Forwarding newSession on session null to remote] wire:87 - http-outgoing-0 >> "}"
2020-01-26 15:25:12,479 DEBUG [Forwarding newSession on session null to remote] wire:73 - http-outgoing-0 << "HTTP/1.1 200 OK[\r][\n]"
2020-01-26 15:25:12,480 DEBUG [Forwarding newSession on session null to remote] wire:73 - http-outgoing-0 << "Content-Length: 1041[\r][\n]"
2020-01-26 15:25:12,481 DEBUG [Forwarding newSession on session null to remote] wire:73 - http-outgoing-0 << "Content-Type: application/json; charset=utf-8[\r][\n]"
2020-01-26 15:25:12,483 DEBUG [Forwarding newSession on session null to remote] wire:73 - http-outgoing-0 << "Cache-Control: no-cache[\r][\n]"
2020-01-26 15:25:12,484 DEBUG [Forwarding newSession on session null to remote] wire:73 - http-outgoing-0 << "Vary: Accept-Charset, Accept-Encoding, Accept-Language, Accept[\r][\n]"
2020-01-26 15:25:12,491 DEBUG [Forwarding newSession on session null to remote] wire:73 - http-outgoing-0 << "Accept-Ranges: bytes[\r][\n]"
2020-01-26 15:25:12,492 DEBUG [Forwarding newSession on session null to remote] wire:73 - http-outgoing-0 << "[\r][\n]"
2020-01-26 15:25:12,493 DEBUG [Forwarding newSession on session null to remote] wire:73 - http-outgoing-0 << "{[\n]"
2020-01-26 15:25:12,495 DEBUG [Forwarding newSession on session null to remote] wire:73 - http-outgoing-0 << "[0x9]"value" : [\n]"
2020-01-26 15:25:12,496 DEBUG [Forwarding newSession on session null to remote] wire:73 - http-outgoing-0 << "[0x9]{[\n]"
2020-01-26 15:25:12,497 DEBUG [Forwarding newSession on session null to remote] wire:73 - http-outgoing-0 << "[0x9][0x9]"capabilities" : [\n]"
2020-01-26 15:25:12,499 DEBUG [Forwarding newSession on session null to remote] wire:73 - http-outgoing-0 << "[0x9][0x9]{[\n]"
2020-01-26 15:25:12,500 DEBUG [Forwarding newSession on session null to remote] wire:73 - http-outgoing-0 << "[0x9][0x9][0x9]"acceptInsecureCerts" : false,[\n]"
2020-01-26 15:25:12,501 DEBUG [Forwarding newSession on session null to remote] wire:73 - http-outgoing-0 << "[0x9][0x9][0x9]"browserName" : "internet explorer",[\n]"
2020-01-26 15:25:12,511 DEBUG [Forwarding newSession on session null to remote] wire:73 - http-outgoing-0 << "[0x9][0x9][0x9]"browserVersion" : "11",[\n]"
2020-01-26 15:25:12,512 DEBUG [Forwarding newSession on session null to remote] wire:73 - http-outgoing-0 << "[0x9][0x9][0x9]"pageLoadStrategy" : "normal",[\n]"
2020-01-26 15:25:12,514 DEBUG [Forwarding newSession on session null to remote] wire:73 - http-outgoing-0 << "[0x9][0x9][0x9]"platformName" : "windows",[\n]"
2020-01-26 15:25:12,515 DEBUG [Forwarding newSession on session null to remote] wire:73 - http-outgoing-0 << "[0x9][0x9][0x9]"proxy" : {},[\n]"
2020-01-26 15:25:12,516 DEBUG [Forwarding newSession on session null to remote] wire:73 - http-outgoing-0 << "[0x9][0x9][0x9]"se:ieOptions" : [\n]"
2020-01-26 15:25:12,517 DEBUG [Forwarding newSession on session null to remote] wire:73 - http-outgoing-0 << "[0x9][0x9][0x9]{[\n]"
2020-01-26 15:25:12,519 DEBUG [Forwarding newSession on session null to remote] wire:73 - http-outgoing-0 << "[0x9][0x9][0x9][0x9]"browserAttachTimeout" : 0,[\n]"
2020-01-26 15:25:12,520 DEBUG [Forwarding newSession on session null to remote] wire:73 - http-outgoing-0 << "[0x9][0x9][0x9][0x9]"elementScrollBehavior" : 0,[\n]"
2020-01-26 15:25:12,522 DEBUG [Forwarding newSession on session null to remote] wire:73 - http-outgoing-0 << "[0x9][0x9][0x9][0x9]"enablePersistentHover" : true,[\n]"
2020-01-26 15:25:12,523 DEBUG [Forwarding newSession on session null to remote] wire:73 - http-outgoing-0 << "[0x9][0x9][0x9][0x9]"ie.browserCommandLineSwitches" : "",[\n]"
2020-01-26 15:25:12,524 DEBUG [Forwarding newSession on session null to remote] wire:73 - http-outgoing-0 << "[0x9][0x9][0x9][0x9]"ie.edgechromium" : false,[\n]"
2020-01-26 15:25:12,525 DEBUG [Forwarding newSession on session null to remote] wire:73 - http-outgoing-0 << "[0x9][0x9][0x9][0x9]"ie.edgepath" : "",[\n]"
2020-01-26 15:25:12,527 DEBUG [Forwarding newSession on session null to remote] wire:73 - http-outgoing-0 << "[0x9][0x9][0x9][0x9]"ie.ensureCleanSession" : false,[\n]"
2020-01-26 15:25:12,528 DEBUG [Forwarding newSession on session null to remote] wire:73 - http-outgoing-0 << "[0x9][0x9][0x9][0x9]"ie.fileUploadDialogTimeout" : 3000,[\n]"
2020-01-26 15:25:12,530 DEBUG [Forwarding newSession on session null to remote] wire:73 - http-outgoing-0 << "[0x9][0x9][0x9][0x9]"ie.forceCreateProcessApi" : false,[\n]"
2020-01-26 15:25:12,531 DEBUG [Forwarding newSession on session null to remote] wire:73 - http-outgoing-0 << "[0x9][0x9][0x9][0x9]"ignoreProtectedModeSettings" : false,[\n]"
2020-01-26 15:25:12,532 DEBUG [Forwarding newSession on session null to remote] wire:73 - http-outgoing-0 << "[0x9][0x9][0x9][0x9]"ignoreZoomSetting" : false,[\n]"
2020-01-26 15:25:12,536 DEBUG [Forwarding newSession on session null to remote] wire:73 - http-outgoing-0 << "[0x9][0x9][0x9][0x9]"initialBrowserUrl" : "http://localhost:22633/",[\n]"
2020-01-26 15:25:12,537 DEBUG [Forwarding newSession on session null to remote] wire:73 - http-outgoing-0 << "[0x9][0x9][0x9][0x9]"nativeEvents" : true,[\n]"
2020-01-26 15:25:12,540 DEBUG [Forwarding newSession on session null to remote] wire:73 - http-outgoing-0 << "[0x9][0x9][0x9][0x9]"requireWindowFocus" : false[\n]"
2020-01-26 15:25:12,541 DEBUG [Forwarding newSession on session null to remote] wire:73 - http-outgoing-0 << "[0x9][0x9][0x9]},[\n]"
2020-01-26 15:25:12,543 DEBUG [Forwarding newSession on session null to remote] wire:73 - http-outgoing-0 << "[0x9][0x9][0x9]"setWindowRect" : true,[\n]"
2020-01-26 15:25:12,544 DEBUG [Forwarding newSession on session null to remote] wire:73 - http-outgoing-0 << "[0x9][0x9][0x9]"strictFileInteractability" : false,[\n]"
2020-01-26 15:25:12,545 DEBUG [Forwarding newSession on session null to remote] wire:73 - http-outgoing-0 << "[0x9][0x9][0x9]"timeouts" : [\n]"
2020-01-26 15:25:12,546 DEBUG [Forwarding newSession on session null to remote] wire:73 - http-outgoing-0 << "[0x9][0x9][0x9]{[\n]"
2020-01-26 15:25:12,548 DEBUG [Forwarding newSession on session null to remote] wire:73 - http-outgoing-0 << "[0x9][0x9][0x9][0x9]"implicit" : 0,[\n]"
2020-01-26 15:25:12,549 DEBUG [Forwarding newSession on session null to remote] wire:73 - http-outgoing-0 << "[0x9][0x9][0x9][0x9]"pageLoad" : 300000,[\n]"
2020-01-26 15:25:12,550 DEBUG [Forwarding newSession on session null to remote] wire:73 - http-outgoing-0 << "[0x9][0x9][0x9][0x9]"script" : 30000[\n]"
2020-01-26 15:25:12,552 DEBUG [Forwarding newSession on session null to remote] wire:73 - http-outgoing-0 << "[0x9][0x9][0x9]},[\n]"
2020-01-26 15:25:12,553 DEBUG [Forwarding newSession on session null to remote] wire:73 - http-outgoing-0 << "[0x9][0x9][0x9]"unhandledPromptBehavior" : "dismiss and notify"[\n]"
2020-01-26 15:25:12,555 DEBUG [Forwarding newSession on session null to remote] wire:73 - http-outgoing-0 << "[0x9][0x9]},[\n]"
2020-01-26 15:25:12,556 DEBUG [Forwarding newSession on session null to remote] wire:73 - http-outgoing-0 << "[0x9][0x9]"sessionId" : "af471443-fa15-40a6-ab5c-67b829db4cdc"[\n]"
2020-01-26 15:25:12,557 DEBUG [Forwarding newSession on session null to remote] wire:73 - http-outgoing-0 << "[0x9]}[\n]"
2020-01-26 15:25:12,558 DEBUG [Forwarding newSession on session null to remote] wire:73 - http-outgoing-0 << "}[\r][\n]"
2020-01-26 15:25:12,573 DEBUG [Forwarding newSession on session null to remote] headers:122 - http-outgoing-0 << HTTP/1.1 200 OK
2020-01-26 15:25:12,574 DEBUG [Forwarding newSession on session null to remote] headers:125 - http-outgoing-0 << Content-Length: 1041
2020-01-26 15:25:12,575 DEBUG [Forwarding newSession on session null to remote] headers:125 - http-outgoing-0 << Content-Type: application/json; charset=utf-8
2020-01-26 15:25:12,577 DEBUG [Forwarding newSession on session null to remote] headers:125 - http-outgoing-0 << Cache-Control: no-cache
2020-01-26 15:25:12,578 DEBUG [Forwarding newSession on session null to remote] headers:125 - http-outgoing-0 << Vary: Accept-Charset, Accept-Encoding, Accept-Language, Accept
2020-01-26 15:25:12,579 DEBUG [Forwarding newSession on session null to remote] headers:125 - http-outgoing-0 << Accept-Ranges: bytes
2020-01-26 15:25:12,591 DEBUG [Forwarding newSession on session null to remote] MainClientExec:285 - Connection can be kept alive indefinitely
2020-01-26 15:25:12,608 DEBUG [Forwarding newSession on session null to remote] PoolingHttpClientConnectionManager:320 - Connection [id: 0][route: {}->http://localhost:22633] can be kept alive indefinitely
2020-01-26 15:25:12,610 DEBUG [Forwarding newSession on session null to remote] PoolingHttpClientConnectionManager:326 - Connection released: [id: 0][route: {}->http://localhost:22633][total kept alive: 1; route allocated: 1 of 2000; total allocated: 1 of 2000]
2020-01-26 15:25:12,826 DEBUG [Forwarding maximizeCurrentWindow on session af471443-fa15-40a6-ab5c-67b829db4cdc to remote] RequestAddCookies:123 - CookieSpec selected: default
2020-01-26 15:25:12,827 DEBUG [Forwarding maximizeCurrentWindow on session af471443-fa15-40a6-ab5c-67b829db4cdc to remote] RequestAuthCache:77 - Auth cache not set in the context
2020-01-26 15:25:12,828 DEBUG [Forwarding maximizeCurrentWindow on session af471443-fa15-40a6-ab5c-67b829db4cdc to remote] PoolingHttpClientConnectionManager:255 - Connection request: [route: {}->http://localhost:22633][total kept alive: 1; route allocated: 1 of 2000; total allocated: 1 of 2000]
2020-01-26 15:25:12,829 DEBUG [Forwarding maximizeCurrentWindow on session af471443-fa15-40a6-ab5c-67b829db4cdc to remote] PoolingHttpClientConnectionManager:288 - Connection leased: [id: 0][route: {}->http://localhost:22633][total kept alive: 0; route allocated: 1 of 2000; total allocated: 1 of 2000]
2020-01-26 15:25:12,830 DEBUG [Forwarding maximizeCurrentWindow on session af471443-fa15-40a6-ab5c-67b829db4cdc to remote] MainClientExec:208 - Stale connection check
2020-01-26 15:25:12,833 DEBUG [Forwarding maximizeCurrentWindow on session af471443-fa15-40a6-ab5c-67b829db4cdc to remote] wire:87 - http-outgoing-0 << "[read] I/O error: Read timed out"
2020-01-26 15:25:12,834 DEBUG [Forwarding maximizeCurrentWindow on session af471443-fa15-40a6-ab5c-67b829db4cdc to remote] DefaultManagedHttpClientConnection:88 - http-outgoing-0: set socket timeout to 10800000
2020-01-26 15:25:12,835 DEBUG [Forwarding maximizeCurrentWindow on session af471443-fa15-40a6-ab5c-67b829db4cdc to remote] MainClientExec:256 - Executing request POST /session/af471443-fa15-40a6-ab5c-67b829db4cdc/window/maximize HTTP/1.1
2020-01-26 15:25:12,836 DEBUG [Forwarding maximizeCurrentWindow on session af471443-fa15-40a6-ab5c-67b829db4cdc to remote] MainClientExec:261 - Target auth state: UNCHALLENGED
2020-01-26 15:25:12,837 DEBUG [Forwarding maximizeCurrentWindow on session af471443-fa15-40a6-ab5c-67b829db4cdc to remote] MainClientExec:267 - Proxy auth state: UNCHALLENGED
2020-01-26 15:25:12,838 DEBUG [Forwarding maximizeCurrentWindow on session af471443-fa15-40a6-ab5c-67b829db4cdc to remote] headers:133 - http-outgoing-0 >> POST /session/af471443-fa15-40a6-ab5c-67b829db4cdc/window/maximize HTTP/1.1
2020-01-26 15:25:12,846 DEBUG [Forwarding maximizeCurrentWindow on session af471443-fa15-40a6-ab5c-67b829db4cdc to remote] headers:136 - http-outgoing-0 >> Content-Type: application/json; charset=utf-8
2020-01-26 15:25:12,847 DEBUG [Forwarding maximizeCurrentWindow on session af471443-fa15-40a6-ab5c-67b829db4cdc to remote] headers:136 - http-outgoing-0 >> Content-Length: 2
2020-01-26 15:25:12,849 DEBUG [Forwarding maximizeCurrentWindow on session af471443-fa15-40a6-ab5c-67b829db4cdc to remote] headers:136 - http-outgoing-0 >> Host: localhost:22633
2020-01-26 15:25:12,850 DEBUG [Forwarding maximizeCurrentWindow on session af471443-fa15-40a6-ab5c-67b829db4cdc to remote] headers:136 - http-outgoing-0 >> Connection: Keep-Alive
2020-01-26 15:25:12,851 DEBUG [Forwarding maximizeCurrentWindow on session af471443-fa15-40a6-ab5c-67b829db4cdc to remote] headers:136 - http-outgoing-0 >> User-Agent: Apache-HttpClient/4.5.3 (Java/9.0.4)
2020-01-26 15:25:12,852 DEBUG [Forwarding maximizeCurrentWindow on session af471443-fa15-40a6-ab5c-67b829db4cdc to remote] headers:136 - http-outgoing-0 >> Accept-Encoding: gzip,deflate
2020-01-26 15:25:12,853 DEBUG [Forwarding maximizeCurrentWindow on session af471443-fa15-40a6-ab5c-67b829db4cdc to remote] wire:73 - http-outgoing-0 >> "POST /session/af471443-fa15-40a6-ab5c-67b829db4cdc/window/maximize HTTP/1.1[\r][\n]"
2020-01-26 15:25:12,854 DEBUG [Forwarding maximizeCurrentWindow on session af471443-fa15-40a6-ab5c-67b829db4cdc to remote] wire:73 - http-outgoing-0 >> "Content-Type: application/json; charset=utf-8[\r][\n]"
2020-01-26 15:25:12,855 DEBUG [Forwarding maximizeCurrentWindow on session af471443-fa15-40a6-ab5c-67b829db4cdc to remote] wire:73 - http-outgoing-0 >> "Content-Length: 2[\r][\n]"
2020-01-26 15:25:12,856 DEBUG [Forwarding maximizeCurrentWindow on session af471443-fa15-40a6-ab5c-67b829db4cdc to remote] wire:73 - http-outgoing-0 >> "Host: localhost:22633[\r][\n]"
2020-01-26 15:25:12,857 DEBUG [Forwarding maximizeCurrentWindow on session af471443-fa15-40a6-ab5c-67b829db4cdc to remote] wire:73 - http-outgoing-0 >> "Connection: Keep-Alive[\r][\n]"
2020-01-26 15:25:12,857 DEBUG [Forwarding maximizeCurrentWindow on session af471443-fa15-40a6-ab5c-67b829db4cdc to remote] wire:73 - http-outgoing-0 >> "User-Agent: Apache-HttpClient/4.5.3 (Java/9.0.4)[\r][\n]"
2020-01-26 15:25:12,858 DEBUG [Forwarding maximizeCurrentWindow on session af471443-fa15-40a6-ab5c-67b829db4cdc to remote] wire:73 - http-outgoing-0 >> "Accept-Encoding: gzip,deflate[\r][\n]"
2020-01-26 15:25:12,859 DEBUG [Forwarding maximizeCurrentWindow on session af471443-fa15-40a6-ab5c-67b829db4cdc to remote] wire:73 - http-outgoing-0 >> "[\r][\n]"
2020-01-26 15:25:12,860 DEBUG [Forwarding maximizeCurrentWindow on session af471443-fa15-40a6-ab5c-67b829db4cdc to remote] wire:87 - http-outgoing-0 >> "{}"
2020-01-26 15:25:12,885 DEBUG [Forwarding maximizeCurrentWindow on session af471443-fa15-40a6-ab5c-67b829db4cdc to remote] wire:73 - http-outgoing-0 << "HTTP/1.1 200 OK[\r][\n]"
2020-01-26 15:25:12,886 DEBUG [Forwarding maximizeCurrentWindow on session af471443-fa15-40a6-ab5c-67b829db4cdc to remote] wire:73 - http-outgoing-0 << "Content-Length: 82[\r][\n]"
2020-01-26 15:25:12,887 DEBUG [Forwarding maximizeCurrentWindow on session af471443-fa15-40a6-ab5c-67b829db4cdc to remote] wire:73 - http-outgoing-0 << "Content-Type: application/json; charset=utf-8[\r][\n]"
2020-01-26 15:25:12,888 DEBUG [Forwarding maximizeCurrentWindow on session af471443-fa15-40a6-ab5c-67b829db4cdc to remote] wire:73 - http-outgoing-0 << "Cache-Control: no-cache[\r][\n]"
2020-01-26 15:25:12,889 DEBUG [Forwarding maximizeCurrentWindow on session af471443-fa15-40a6-ab5c-67b829db4cdc to remote] wire:73 - http-outgoing-0 << "Vary: Accept-Charset, Accept-Encoding, Accept-Language, Accept[\r][\n]"
2020-01-26 15:25:12,890 DEBUG [Forwarding maximizeCurrentWindow on session af471443-fa15-40a6-ab5c-67b829db4cdc to remote] wire:73 - http-outgoing-0 << "Accept-Ranges: bytes[\r][\n]"
2020-01-26 15:25:12,891 DEBUG [Forwarding maximizeCurrentWindow on session af471443-fa15-40a6-ab5c-67b829db4cdc to remote] wire:73 - http-outgoing-0 << "[\r][\n]"
2020-01-26 15:25:12,891 DEBUG [Forwarding maximizeCurrentWindow on session af471443-fa15-40a6-ab5c-67b829db4cdc to remote] wire:73 - http-outgoing-0 << "{[\n]"
2020-01-26 15:25:12,892 DEBUG [Forwarding maximizeCurrentWindow on session af471443-fa15-40a6-ab5c-67b829db4cdc to remote] wire:73 - http-outgoing-0 << "[0x9]"value" : [\n]"
2020-01-26 15:25:12,894 DEBUG [Forwarding maximizeCurrentWindow on session af471443-fa15-40a6-ab5c-67b829db4cdc to remote] wire:73 - http-outgoing-0 << "[0x9]{[\n]"
2020-01-26 15:25:12,894 DEBUG [Forwarding maximizeCurrentWindow on session af471443-fa15-40a6-ab5c-67b829db4cdc to remote] wire:73 - http-outgoing-0 << "[0x9][0x9]"height" : 754,[\n]"
2020-01-26 15:25:12,895 DEBUG [Forwarding maximizeCurrentWindow on session af471443-fa15-40a6-ab5c-67b829db4cdc to remote] wire:73 - http-outgoing-0 << "[0x9][0x9]"width" : 1382,[\n]"
2020-01-26 15:25:12,896 DEBUG [Forwarding maximizeCurrentWindow on session af471443-fa15-40a6-ab5c-67b829db4cdc to remote] wire:73 - http-outgoing-0 << "[0x9][0x9]"x" : -8,[\n]"
2020-01-26 15:25:12,897 DEBUG [Forwarding maximizeCurrentWindow on session af471443-fa15-40a6-ab5c-67b829db4cdc to remote] wire:73 - http-outgoing-0 << "[0x9][0x9]"y" : -8[\n]"
2020-01-26 15:25:12,898 DEBUG [Forwarding maximizeCurrentWindow on session af471443-fa15-40a6-ab5c-67b829db4cdc to remote] wire:73 - http-outgoing-0 << "[0x9]}[\n]"
2020-01-26 15:25:12,898 DEBUG [Forwarding maximizeCurrentWindow on session af471443-fa15-40a6-ab5c-67b829db4cdc to remote] wire:73 - http-outgoing-0 << "}[\r][\n]"
2020-01-26 15:25:12,899 DEBUG [Forwarding maximizeCurrentWindow on session af471443-fa15-40a6-ab5c-67b829db4cdc to remote] headers:122 - http-outgoing-0 << HTTP/1.1 200 OK
2020-01-26 15:25:12,900 DEBUG [Forwarding maximizeCurrentWindow on session af471443-fa15-40a6-ab5c-67b829db4cdc to remote] headers:125 - http-outgoing-0 << Content-Length: 82
2020-01-26 15:25:12,901 DEBUG [Forwarding maximizeCurrentWindow on session af471443-fa15-40a6-ab5c-67b829db4cdc to remote] headers:125 - http-outgoing-0 << Content-Type: application/json; charset=utf-8
2020-01-26 15:25:12,901 DEBUG [Forwarding maximizeCurrentWindow on session af471443-fa15-40a6-ab5c-67b829db4cdc to remote] headers:125 - http-outgoing-0 << Cache-Control: no-cache
2020-01-26 15:25:12,902 DEBUG [Forwarding maximizeCurrentWindow on session af471443-fa15-40a6-ab5c-67b829db4cdc to remote] headers:125 - http-outgoing-0 << Vary: Accept-Charset, Accept-Encoding, Accept-Language, Accept
2020-01-26 15:25:12,903 DEBUG [Forwarding maximizeCurrentWindow on session af471443-fa15-40a6-ab5c-67b829db4cdc to remote] headers:125 - http-outgoing-0 << Accept-Ranges: bytes
2020-01-26 15:25:12,904 DEBUG [Forwarding maximizeCurrentWindow on session af471443-fa15-40a6-ab5c-67b829db4cdc to remote] MainClientExec:285 - Connection can be kept alive indefinitely
2020-01-26 15:25:12,905 DEBUG [Forwarding maximizeCurrentWindow on session af471443-fa15-40a6-ab5c-67b829db4cdc to remote] PoolingHttpClientConnectionManager:320 - Connection [id: 0][route: {}->http://localhost:22633] can be kept alive indefinitely
2020-01-26 15:25:12,905 DEBUG [Forwarding maximizeCurrentWindow on session af471443-fa15-40a6-ab5c-67b829db4cdc to remote] PoolingHttpClientConnectionManager:326 - Connection released: [id: 0][route: {}->http://localhost:22633][total kept alive: 1; route allocated: 1 of 2000; total allocated: 1 of 2000]
2020-01-26 15:25:12,914 DEBUG [Forwarding deleteAllCookies on session af471443-fa15-40a6-ab5c-67b829db4cdc to remote] RequestAddCookies:123 - CookieSpec selected: default
2020-01-26 15:25:12,915 DEBUG [Forwarding deleteAllCookies on session af471443-fa15-40a6-ab5c-67b829db4cdc to remote] RequestAuthCache:77 - Auth cache not set in the context
2020-01-26 15:25:12,924 DEBUG [Forwarding deleteAllCookies on session af471443-fa15-40a6-ab5c-67b829db4cdc to remote] PoolingHttpClientConnectionManager:255 - Connection request: [route: {}->http://localhost:22633][total kept alive: 1; route allocated: 1 of 2000; total allocated: 1 of 2000]
2020-01-26 15:25:12,925 DEBUG [Forwarding deleteAllCookies on session af471443-fa15-40a6-ab5c-67b829db4cdc to remote] PoolingHttpClientConnectionManager:288 - Connection leased: [id: 0][route: {}->http://localhost:22633][total kept alive: 0; route allocated: 1 of 2000; total allocated: 1 of 2000]
2020-01-26 15:25:12,925 DEBUG [Forwarding deleteAllCookies on session af471443-fa15-40a6-ab5c-67b829db4cdc to remote] MainClientExec:208 - Stale connection check
2020-01-26 15:25:12,927 DEBUG [Forwarding deleteAllCookies on session af471443-fa15-40a6-ab5c-67b829db4cdc to remote] wire:87 - http-outgoing-0 << "[read] I/O error: Read timed out"
2020-01-26 15:25:12,930 DEBUG [Forwarding deleteAllCookies on session af471443-fa15-40a6-ab5c-67b829db4cdc to remote] DefaultManagedHttpClientConnection:88 - http-outgoing-0: set socket timeout to 10800000
2020-01-26 15:25:12,931 DEBUG [Forwarding deleteAllCookies on session af471443-fa15-40a6-ab5c-67b829db4cdc to remote] MainClientExec:256 - Executing request DELETE /session/af471443-fa15-40a6-ab5c-67b829db4cdc/cookie HTTP/1.1
2020-01-26 15:25:12,932 DEBUG [Forwarding deleteAllCookies on session af471443-fa15-40a6-ab5c-67b829db4cdc to remote] MainClientExec:261 - Target auth state: UNCHALLENGED
2020-01-26 15:25:12,932 DEBUG [Forwarding deleteAllCookies on session af471443-fa15-40a6-ab5c-67b829db4cdc to remote] MainClientExec:267 - Proxy auth state: UNCHALLENGED
2020-01-26 15:25:12,933 DEBUG [Forwarding deleteAllCookies on session af471443-fa15-40a6-ab5c-67b829db4cdc to remote] headers:133 - http-outgoing-0 >> DELETE /session/af471443-fa15-40a6-ab5c-67b829db4cdc/cookie HTTP/1.1
2020-01-26 15:25:12,934 DEBUG [Forwarding deleteAllCookies on session af471443-fa15-40a6-ab5c-67b829db4cdc to remote] headers:136 - http-outgoing-0 >> Host: localhost:22633
2020-01-26 15:25:12,935 DEBUG [Forwarding deleteAllCookies on session af471443-fa15-40a6-ab5c-67b829db4cdc to remote] headers:136 - http-outgoing-0 >> Connection: Keep-Alive
2020-01-26 15:25:12,936 DEBUG [Forwarding deleteAllCookies on session af471443-fa15-40a6-ab5c-67b829db4cdc to remote] headers:136 - http-outgoing-0 >> User-Agent: Apache-HttpClient/4.5.3 (Java/9.0.4)
2020-01-26 15:25:12,937 DEBUG [Forwarding deleteAllCookies on session af471443-fa15-40a6-ab5c-67b829db4cdc to remote] headers:136 - http-outgoing-0 >> Accept-Encoding: gzip,deflate
2020-01-26 15:25:12,937 DEBUG [Forwarding deleteAllCookies on session af471443-fa15-40a6-ab5c-67b829db4cdc to remote] wire:73 - http-outgoing-0 >> "DELETE /session/af471443-fa15-40a6-ab5c-67b829db4cdc/cookie HTTP/1.1[\r][\n]"
2020-01-26 15:25:12,938 DEBUG [Forwarding deleteAllCookies on session af471443-fa15-40a6-ab5c-67b829db4cdc to remote] wire:73 - http-outgoing-0 >> "Host: localhost:22633[\r][\n]"
2020-01-26 15:25:12,951 DEBUG [Forwarding deleteAllCookies on session af471443-fa15-40a6-ab5c-67b829db4cdc to remote] wire:73 - http-outgoing-0 >> "Connection: Keep-Alive[\r][\n]"
2020-01-26 15:25:12,953 DEBUG [Forwarding deleteAllCookies on session af471443-fa15-40a6-ab5c-67b829db4cdc to remote] wire:73 - http-outgoing-0 >> "User-Agent: Apache-HttpClient/4.5.3 (Java/9.0.4)[\r][\n]"
2020-01-26 15:25:12,953 DEBUG [Forwarding deleteAllCookies on session af471443-fa15-40a6-ab5c-67b829db4cdc to remote] wire:73 - http-outgoing-0 >> "Accept-Encoding: gzip,deflate[\r][\n]"
2020-01-26 15:25:12,955 DEBUG [Forwarding deleteAllCookies on session af471443-fa15-40a6-ab5c-67b829db4cdc to remote] wire:73 - http-outgoing-0 >> "[\r][\n]"
2020-01-26 15:25:13,101 DEBUG [Forwarding deleteAllCookies on session af471443-fa15-40a6-ab5c-67b829db4cdc to remote] wire:73 - http-outgoing-0 << "HTTP/1.1 200 OK[\r][\n]"
2020-01-26 15:25:13,102 DEBUG [Forwarding deleteAllCookies on session af471443-fa15-40a6-ab5c-67b829db4cdc to remote] wire:73 - http-outgoing-0 << "Content-Length: 21[\r][\n]"
2020-01-26 15:25:13,103 DEBUG [Forwarding deleteAllCookies on session af471443-fa15-40a6-ab5c-67b829db4cdc to remote] wire:73 - http-outgoing-0 << "Content-Type: application/json; charset=utf-8[\r][\n]"
2020-01-26 15:25:13,104 DEBUG [Forwarding deleteAllCookies on session af471443-fa15-40a6-ab5c-67b829db4cdc to remote] wire:73 - http-outgoing-0 << "Cache-Control: no-cache[\r][\n]"
2020-01-26 15:25:13,105 DEBUG [Forwarding deleteAllCookies on session af471443-fa15-40a6-ab5c-67b829db4cdc to remote] wire:73 - http-outgoing-0 << "Vary: Accept-Charset, Accept-Encoding, Accept-Language, Accept[\r][\n]"
2020-01-26 15:25:13,106 DEBUG [Forwarding deleteAllCookies on session af471443-fa15-40a6-ab5c-67b829db4cdc to remote] wire:73 - http-outgoing-0 << "Accept-Ranges: bytes[\r][\n]"
2020-01-26 15:25:13,107 DEBUG [Forwarding deleteAllCookies on session af471443-fa15-40a6-ab5c-67b829db4cdc to remote] wire:73 - http-outgoing-0 << "[\r][\n]"
2020-01-26 15:25:13,108 DEBUG [Forwarding deleteAllCookies on session af471443-fa15-40a6-ab5c-67b829db4cdc to remote] wire:73 - http-outgoing-0 << "{[\n]"
2020-01-26 15:25:13,109 DEBUG [Forwarding deleteAllCookies on session af471443-fa15-40a6-ab5c-67b829db4cdc to remote] wire:73 - http-outgoing-0 << "[0x9]"value" : null[\n]"
2020-01-26 15:25:13,110 DEBUG [Forwarding deleteAllCookies on session af471443-fa15-40a6-ab5c-67b829db4cdc to remote] wire:73 - http-outgoing-0 << "}[\r][\n]"
2020-01-26 15:25:13,111 DEBUG [Forwarding deleteAllCookies on session af471443-fa15-40a6-ab5c-67b829db4cdc to remote] headers:122 - http-outgoing-0 << HTTP/1.1 200 OK
2020-01-26 15:25:13,112 DEBUG [Forwarding deleteAllCookies on session af471443-fa15-40a6-ab5c-67b829db4cdc to remote] headers:125 - http-outgoing-0 << Content-Length: 21
2020-01-26 15:25:13,113 DEBUG [Forwarding deleteAllCookies on session af471443-fa15-40a6-ab5c-67b829db4cdc to remote] headers:125 - http-outgoing-0 << Content-Type: application/json; charset=utf-8
2020-01-26 15:25:13,113 DEBUG [Forwarding deleteAllCookies on session af471443-fa15-40a6-ab5c-67b829db4cdc to remote] headers:125 - http-outgoing-0 << Cache-Control: no-cache
2020-01-26 15:25:13,114 DEBUG [Forwarding deleteAllCookies on session af471443-fa15-40a6-ab5c-67b829db4cdc to remote] headers:125 - http-outgoing-0 << Vary: Accept-Charset, Accept-Encoding, Accept-Language, Accept
2020-01-26 15:25:13,115 DEBUG [Forwarding deleteAllCookies on session af471443-fa15-40a6-ab5c-67b829db4cdc to remote] headers:125 - http-outgoing-0 << Accept-Ranges: bytes
2020-01-26 15:25:13,116 DEBUG [Forwarding deleteAllCookies on session af471443-fa15-40a6-ab5c-67b829db4cdc to remote] MainClientExec:285 - Connection can be kept alive indefinitely
2020-01-26 15:25:13,116 DEBUG [Forwarding deleteAllCookies on session af471443-fa15-40a6-ab5c-67b829db4cdc to remote] PoolingHttpClientConnectionManager:320 - Connection [id: 0][route: {}->http://localhost:22633] can be kept alive indefinitely
2020-01-26 15:25:13,117 DEBUG [Forwarding deleteAllCookies on session af471443-fa15-40a6-ab5c-67b829db4cdc to remote] PoolingHttpClientConnectionManager:326 - Connection released: [id: 0][route: {}->http://localhost:22633][total kept alive: 1; route allocated: 1 of 2000; total allocated: 1 of 2000]
2020-01-26 15:25:13,133 DEBUG [Forwarding setTimeout on session af471443-fa15-40a6-ab5c-67b829db4cdc to remote] RequestAddCookies:123 - CookieSpec selected: default
2020-01-26 15:25:13,134 DEBUG [Forwarding setTimeout on session af471443-fa15-40a6-ab5c-67b829db4cdc to remote] RequestAuthCache:77 - Auth cache not set in the context
2020-01-26 15:25:13,135 DEBUG [Forwarding setTimeout on session af471443-fa15-40a6-ab5c-67b829db4cdc to remote] PoolingHttpClientConnectionManager:255 - Connection request: [route: {}->http://localhost:22633][total kept alive: 1; route allocated: 1 of 2000; total allocated: 1 of 2000]
2020-01-26 15:25:13,136 DEBUG [Forwarding setTimeout on session af471443-fa15-40a6-ab5c-67b829db4cdc to remote] PoolingHttpClientConnectionManager:288 - Connection leased: [id: 0][route: {}->http://localhost:22633][total kept alive: 0; route allocated: 1 of 2000; total allocated: 1 of 2000]
2020-01-26 15:25:13,137 DEBUG [Forwarding setTimeout on session af471443-fa15-40a6-ab5c-67b829db4cdc to remote] MainClientExec:208 - Stale connection check
2020-01-26 15:25:13,140 DEBUG [Forwarding setTimeout on session af471443-fa15-40a6-ab5c-67b829db4cdc to remote] wire:87 - http-outgoing-0 << "[read] I/O error: Read timed out"
2020-01-26 15:25:13,141 DEBUG [Forwarding setTimeout on session af471443-fa15-40a6-ab5c-67b829db4cdc to remote] DefaultManagedHttpClientConnection:88 - http-outgoing-0: set socket timeout to 10800000
2020-01-26 15:25:13,142 DEBUG [Forwarding setTimeout on session af471443-fa15-40a6-ab5c-67b829db4cdc to remote] MainClientExec:256 - Executing request POST /session/af471443-fa15-40a6-ab5c-67b829db4cdc/timeouts HTTP/1.1
2020-01-26 15:25:13,143 DEBUG [Forwarding setTimeout on session af471443-fa15-40a6-ab5c-67b829db4cdc to remote] MainClientExec:261 - Target auth state: UNCHALLENGED
2020-01-26 15:25:13,143 DEBUG [Forwarding setTimeout on session af471443-fa15-40a6-ab5c-67b829db4cdc to remote] MainClientExec:267 - Proxy auth state: UNCHALLENGED
2020-01-26 15:25:13,144 DEBUG [Forwarding setTimeout on session af471443-fa15-40a6-ab5c-67b829db4cdc to remote] headers:133 - http-outgoing-0 >> POST /session/af471443-fa15-40a6-ab5c-67b829db4cdc/timeouts HTTP/1.1
2020-01-26 15:25:13,146 DEBUG [Forwarding setTimeout on session af471443-fa15-40a6-ab5c-67b829db4cdc to remote] headers:136 - http-outgoing-0 >> Content-Type: application/json; charset=utf-8
2020-01-26 15:25:13,146 DEBUG [Forwarding setTimeout on session af471443-fa15-40a6-ab5c-67b829db4cdc to remote] headers:136 - http-outgoing-0 >> Content-Length: 18
2020-01-26 15:25:13,147 DEBUG [Forwarding setTimeout on session af471443-fa15-40a6-ab5c-67b829db4cdc to remote] headers:136 - http-outgoing-0 >> Host: localhost:22633
2020-01-26 15:25:13,148 DEBUG [Forwarding setTimeout on session af471443-fa15-40a6-ab5c-67b829db4cdc to remote] headers:136 - http-outgoing-0 >> Connection: Keep-Alive
2020-01-26 15:25:13,148 DEBUG [Forwarding setTimeout on session af471443-fa15-40a6-ab5c-67b829db4cdc to remote] headers:136 - http-outgoing-0 >> User-Agent: Apache-HttpClient/4.5.3 (Java/9.0.4)
2020-01-26 15:25:13,149 DEBUG [Forwarding setTimeout on session af471443-fa15-40a6-ab5c-67b829db4cdc to remote] headers:136 - http-outgoing-0 >> Accept-Encoding: gzip,deflate
2020-01-26 15:25:13,150 DEBUG [Forwarding setTimeout on session af471443-fa15-40a6-ab5c-67b829db4cdc to remote] wire:73 - http-outgoing-0 >> "POST /session/af471443-fa15-40a6-ab5c-67b829db4cdc/timeouts HTTP/1.1[\r][\n]"
2020-01-26 15:25:13,151 DEBUG [Forwarding setTimeout on session af471443-fa15-40a6-ab5c-67b829db4cdc to remote] wire:73 - http-outgoing-0 >> "Content-Type: application/json; charset=utf-8[\r][\n]"
2020-01-26 15:25:13,152 DEBUG [Forwarding setTimeout on session af471443-fa15-40a6-ab5c-67b829db4cdc to remote] wire:73 - http-outgoing-0 >> "Content-Length: 18[\r][\n]"
2020-01-26 15:25:13,156 DEBUG [Forwarding setTimeout on session af471443-fa15-40a6-ab5c-67b829db4cdc to remote] wire:73 - http-outgoing-0 >> "Host: localhost:22633[\r][\n]"
2020-01-26 15:25:13,156 DEBUG [Forwarding setTimeout on session af471443-fa15-40a6-ab5c-67b829db4cdc to remote] wire:73 - http-outgoing-0 >> "Connection: Keep-Alive[\r][\n]"
2020-01-26 15:25:13,157 DEBUG [Forwarding setTimeout on session af471443-fa15-40a6-ab5c-67b829db4cdc to remote] wire:73 - http-outgoing-0 >> "User-Agent: Apache-HttpClient/4.5.3 (Java/9.0.4)[\r][\n]"
2020-01-26 15:25:13,158 DEBUG [Forwarding setTimeout on session af471443-fa15-40a6-ab5c-67b829db4cdc to remote] wire:73 - http-outgoing-0 >> "Accept-Encoding: gzip,deflate[\r][\n]"
2020-01-26 15:25:13,159 DEBUG [Forwarding setTimeout on session af471443-fa15-40a6-ab5c-67b829db4cdc to remote] wire:73 - http-outgoing-0 >> "[\r][\n]"
2020-01-26 15:25:13,160 DEBUG [Forwarding setTimeout on session af471443-fa15-40a6-ab5c-67b829db4cdc to remote] wire:87 - http-outgoing-0 >> "{"pageLoad":60000}"
2020-01-26 15:25:13,192 DEBUG [Forwarding setTimeout on session af471443-fa15-40a6-ab5c-67b829db4cdc to remote] wire:73 - http-outgoing-0 << "HTTP/1.1 200 OK[\r][\n]"
2020-01-26 15:25:13,193 DEBUG [Forwarding setTimeout on session af471443-fa15-40a6-ab5c-67b829db4cdc to remote] wire:73 - http-outgoing-0 << "Content-Length: 21[\r][\n]"
2020-01-26 15:25:13,194 DEBUG [Forwarding setTimeout on session af471443-fa15-40a6-ab5c-67b829db4cdc to remote] wire:73 - http-outgoing-0 << "Content-Type: application/json; charset=utf-8[\r][\n]"
2020-01-26 15:25:13,194 DEBUG [Forwarding setTimeout on session af471443-fa15-40a6-ab5c-67b829db4cdc to remote] wire:73 - http-outgoing-0 << "Cache-Control: no-cache[\r][\n]"
2020-01-26 15:25:13,195 DEBUG [Forwarding setTimeout on session af471443-fa15-40a6-ab5c-67b829db4cdc to remote] wire:73 - http-outgoing-0 << "Vary: Accept-Charset, Accept-Encoding, Accept-Language, Accept[\r][\n]"
2020-01-26 15:25:13,196 DEBUG [Forwarding setTimeout on session af471443-fa15-40a6-ab5c-67b829db4cdc to remote] wire:73 - http-outgoing-0 << "Accept-Ranges: bytes[\r][\n]"
2020-01-26 15:25:13,196 DEBUG [Forwarding setTimeout on session af471443-fa15-40a6-ab5c-67b829db4cdc to remote] wire:73 - http-outgoing-0 << "[\r][\n]"
2020-01-26 15:25:13,197 DEBUG [Forwarding setTimeout on session af471443-fa15-40a6-ab5c-67b829db4cdc to remote] wire:73 - http-outgoing-0 << "{[\n]"
2020-01-26 15:25:13,197 DEBUG [Forwarding setTimeout on session af471443-fa15-40a6-ab5c-67b829db4cdc to remote] wire:73 - http-outgoing-0 << "[0x9]"value" : null[\n]"
2020-01-26 15:25:13,198 DEBUG [Forwarding setTimeout on session af471443-fa15-40a6-ab5c-67b829db4cdc to remote] wire:73 - http-outgoing-0 << "}[\r][\n]"
2020-01-26 15:25:13,199 DEBUG [Forwarding setTimeout on session af471443-fa15-40a6-ab5c-67b829db4cdc to remote] headers:122 - http-outgoing-0 << HTTP/1.1 200 OK
2020-01-26 15:25:13,200 DEBUG [Forwarding setTimeout on session af471443-fa15-40a6-ab5c-67b829db4cdc to remote] headers:125 - http-outgoing-0 << Content-Length: 21
2020-01-26 15:25:13,200 DEBUG [Forwarding setTimeout on session af471443-fa15-40a6-ab5c-67b829db4cdc to remote] headers:125 - http-outgoing-0 << Content-Type: application/json; charset=utf-8
2020-01-26 15:25:13,201 DEBUG [Forwarding setTimeout on session af471443-fa15-40a6-ab5c-67b829db4cdc to remote] headers:125 - http-outgoing-0 << Cache-Control: no-cache
2020-01-26 15:25:13,201 DEBUG [Forwarding setTimeout on session af471443-fa15-40a6-ab5c-67b829db4cdc to remote] headers:125 - http-outgoing-0 << Vary: Accept-Charset, Accept-Encoding, Accept-Language, Accept
2020-01-26 15:25:13,202 DEBUG [Forwarding setTimeout on session af471443-fa15-40a6-ab5c-67b829db4cdc to remote] headers:125 - http-outgoing-0 << Accept-Ranges: bytes
2020-01-26 15:25:13,203 DEBUG [Forwarding setTimeout on session af471443-fa15-40a6-ab5c-67b829db4cdc to remote] MainClientExec:285 - Connection can be kept alive indefinitely
2020-01-26 15:25:13,203 DEBUG [Forwarding setTimeout on session af471443-fa15-40a6-ab5c-67b829db4cdc to remote] PoolingHttpClientConnectionManager:320 - Connection [id: 0][route: {}->http://localhost:22633] can be kept alive indefinitely
2020-01-26 15:25:13,204 DEBUG [Forwarding setTimeout on session af471443-fa15-40a6-ab5c-67b829db4cdc to remote] PoolingHttpClientConnectionManager:326 - Connection released: [id: 0][route: {}->http://localhost:22633][total kept alive: 1; route allocated: 1 of 2000; total allocated: 1 of 2000]
2020-01-26 15:25:13,207 DEBUG [Forwarding setTimeout on session af471443-fa15-40a6-ab5c-67b829db4cdc to remote] RequestAddCookies:123 - CookieSpec selected: default
2020-01-26 15:25:13,208 DEBUG [Forwarding setTimeout on session af471443-fa15-40a6-ab5c-67b829db4cdc to remote] RequestAuthCache:77 - Auth cache not set in the context
2020-01-26 15:25:13,209 DEBUG [Forwarding setTimeout on session af471443-fa15-40a6-ab5c-67b829db4cdc to remote] PoolingHttpClientConnectionManager:255 - Connection request: [route: {}->http://localhost:22633][total kept alive: 1; route allocated: 1 of 2000; total allocated: 1 of 2000]
2020-01-26 15:25:13,209 DEBUG [Forwarding setTimeout on session af471443-fa15-40a6-ab5c-67b829db4cdc to remote] PoolingHttpClientConnectionManager:288 - Connection leased: [id: 0][route: {}->http://localhost:22633][total kept alive: 0; route allocated: 1 of 2000; total allocated: 1 of 2000]
2020-01-26 15:25:13,210 DEBUG [Forwarding setTimeout on session af471443-fa15-40a6-ab5c-67b829db4cdc to remote] MainClientExec:208 - Stale connection check
2020-01-26 15:25:13,212 DEBUG [Forwarding setTimeout on session af471443-fa15-40a6-ab5c-67b829db4cdc to remote] wire:87 - http-outgoing-0 << "[read] I/O error: Read timed out"
2020-01-26 15:25:13,212 DEBUG [Forwarding setTimeout on session af471443-fa15-40a6-ab5c-67b829db4cdc to remote] DefaultManagedHttpClientConnection:88 - http-outgoing-0: set socket timeout to 10800000
2020-01-26 15:25:13,213 DEBUG [Forwarding setTimeout on session af471443-fa15-40a6-ab5c-67b829db4cdc to remote] MainClientExec:256 - Executing request POST /session/af471443-fa15-40a6-ab5c-67b829db4cdc/timeouts HTTP/1.1
2020-01-26 15:25:13,214 DEBUG [Forwarding setTimeout on session af471443-fa15-40a6-ab5c-67b829db4cdc to remote] MainClientExec:261 - Target auth state: UNCHALLENGED
2020-01-26 15:25:13,215 DEBUG [Forwarding setTimeout on session af471443-fa15-40a6-ab5c-67b829db4cdc to remote] MainClientExec:267 - Proxy auth state: UNCHALLENGED
2020-01-26 15:25:13,216 DEBUG [Forwarding setTimeout on session af471443-fa15-40a6-ab5c-67b829db4cdc to remote] headers:133 - http-outgoing-0 >> POST /session/af471443-fa15-40a6-ab5c-67b829db4cdc/timeouts HTTP/1.1
2020-01-26 15:25:13,217 DEBUG [Forwarding setTimeout on session af471443-fa15-40a6-ab5c-67b829db4cdc to remote] headers:136 - http-outgoing-0 >> Content-Type: application/json; charset=utf-8
2020-01-26 15:25:13,218 DEBUG [Forwarding setTimeout on session af471443-fa15-40a6-ab5c-67b829db4cdc to remote] headers:136 - http-outgoing-0 >> Content-Length: 18
2020-01-26 15:25:13,218 DEBUG [Forwarding setTimeout on session af471443-fa15-40a6-ab5c-67b829db4cdc to remote] headers:136 - http-outgoing-0 >> Host: localhost:22633
2020-01-26 15:25:13,219 DEBUG [Forwarding setTimeout on session af471443-fa15-40a6-ab5c-67b829db4cdc to remote] headers:136 - http-outgoing-0 >> Connection: Keep-Alive
2020-01-26 15:25:13,220 DEBUG [Forwarding setTimeout on session af471443-fa15-40a6-ab5c-67b829db4cdc to remote] headers:136 - http-outgoing-0 >> User-Agent: Apache-HttpClient/4.5.3 (Java/9.0.4)
2020-01-26 15:25:13,220 DEBUG [Forwarding setTimeout on session af471443-fa15-40a6-ab5c-67b829db4cdc to remote] headers:136 - http-outgoing-0 >> Accept-Encoding: gzip,deflate
2020-01-26 15:25:13,221 DEBUG [Forwarding setTimeout on session af471443-fa15-40a6-ab5c-67b829db4cdc to remote] wire:73 - http-outgoing-0 >> "POST /session/af471443-fa15-40a6-ab5c-67b829db4cdc/timeouts HTTP/1.1[\r][\n]"
2020-01-26 15:25:13,222 DEBUG [Forwarding setTimeout on session af471443-fa15-40a6-ab5c-67b829db4cdc to remote] wire:73 - http-outgoing-0 >> "Content-Type: application/json; charset=utf-8[\r][\n]"
2020-01-26 15:25:13,222 DEBUG [Forwarding setTimeout on session af471443-fa15-40a6-ab5c-67b829db4cdc to remote] wire:73 - http-outgoing-0 >> "Content-Length: 18[\r][\n]"
2020-01-26 15:25:13,223 DEBUG [Forwarding setTimeout on session af471443-fa15-40a6-ab5c-67b829db4cdc to remote] wire:73 - http-outgoing-0 >> "Host: localhost:22633[\r][\n]"
2020-01-26 15:25:13,224 DEBUG [Forwarding setTimeout on session af471443-fa15-40a6-ab5c-67b829db4cdc to remote] wire:73 - http-outgoing-0 >> "Connection: Keep-Alive[\r][\n]"
2020-01-26 15:25:13,224 DEBUG [Forwarding setTimeout on session af471443-fa15-40a6-ab5c-67b829db4cdc to remote] wire:73 - http-outgoing-0 >> "User-Agent: Apache-HttpClient/4.5.3 (Java/9.0.4)[\r][\n]"
2020-01-26 15:25:13,225 DEBUG [Forwarding setTimeout on session af471443-fa15-40a6-ab5c-67b829db4cdc to remote] wire:73 - http-outgoing-0 >> "Accept-Encoding: gzip,deflate[\r][\n]"
2020-01-26 15:25:13,225 DEBUG [Forwarding setTimeout on session af471443-fa15-40a6-ab5c-67b829db4cdc to remote] wire:73 - http-outgoing-0 >> "[\r][\n]"
2020-01-26 15:25:13,226 DEBUG [Forwarding setTimeout on session af471443-fa15-40a6-ab5c-67b829db4cdc to remote] wire:87 - http-outgoing-0 >> "{"implicit":60000}"
2020-01-26 15:25:13,244 DEBUG [Forwarding setTimeout on session af471443-fa15-40a6-ab5c-67b829db4cdc to remote] wire:73 - http-outgoing-0 << "HTTP/1.1 200 OK[\r][\n]"
2020-01-26 15:25:13,245 DEBUG [Forwarding setTimeout on session af471443-fa15-40a6-ab5c-67b829db4cdc to remote] wire:73 - http-outgoing-0 << "Content-Length: 21[\r][\n]"
2020-01-26 15:25:13,246 DEBUG [Forwarding setTimeout on session af471443-fa15-40a6-ab5c-67b829db4cdc to remote] wire:73 - http-outgoing-0 << "Content-Type: application/json; charset=utf-8[\r][\n]"
2020-01-26 15:25:13,246 DEBUG [Forwarding setTimeout on session af471443-fa15-40a6-ab5c-67b829db4cdc to remote] wire:73 - http-outgoing-0 << "Cache-Control: no-cache[\r][\n]"
2020-01-26 15:25:13,247 DEBUG [Forwarding setTimeout on session af471443-fa15-40a6-ab5c-67b829db4cdc to remote] wire:73 - http-outgoing-0 << "Vary: Accept-Charset, Accept-Encoding, Accept-Language, Accept[\r][\n]"
2020-01-26 15:25:13,247 DEBUG [Forwarding setTimeout on session af471443-fa15-40a6-ab5c-67b829db4cdc to remote] wire:73 - http-outgoing-0 << "Accept-Ranges: bytes[\r][\n]"
2020-01-26 15:25:13,248 DEBUG [Forwarding setTimeout on session af471443-fa15-40a6-ab5c-67b829db4cdc to remote] wire:73 - http-outgoing-0 << "[\r][\n]"
2020-01-26 15:25:13,249 DEBUG [Forwarding setTimeout on session af471443-fa15-40a6-ab5c-67b829db4cdc to remote] wire:73 - http-outgoing-0 << "{[\n]"
2020-01-26 15:25:13,249 DEBUG [Forwarding setTimeout on session af471443-fa15-40a6-ab5c-67b829db4cdc to remote] wire:73 - http-outgoing-0 << "[0x9]"value" : null[\n]"
2020-01-26 15:25:13,250 DEBUG [Forwarding setTimeout on session af471443-fa15-40a6-ab5c-67b829db4cdc to remote] wire:73 - http-outgoing-0 << "}[\r][\n]"
2020-01-26 15:25:13,250 DEBUG [Forwarding setTimeout on session af471443-fa15-40a6-ab5c-67b829db4cdc to remote] headers:122 - http-outgoing-0 << HTTP/1.1 200 OK
2020-01-26 15:25:13,251 DEBUG [Forwarding setTimeout on session af471443-fa15-40a6-ab5c-67b829db4cdc to remote] headers:125 - http-outgoing-0 << Content-Length: 21
2020-01-26 15:25:13,251 DEBUG [Forwarding setTimeout on session af471443-fa15-40a6-ab5c-67b829db4cdc to remote] headers:125 - http-outgoing-0 << Content-Type: application/json; charset=utf-8
2020-01-26 15:25:13,252 DEBUG [Forwarding setTimeout on session af471443-fa15-40a6-ab5c-67b829db4cdc to remote] headers:125 - http-outgoing-0 << Cache-Control: no-cache
2020-01-26 15:25:13,252 DEBUG [Forwarding setTimeout on session af471443-fa15-40a6-ab5c-67b829db4cdc to remote] headers:125 - http-outgoing-0 << Vary: Accept-Charset, Accept-Encoding, Accept-Language, Accept
2020-01-26 15:25:13,253 DEBUG [Forwarding setTimeout on session af471443-fa15-40a6-ab5c-67b829db4cdc to remote] headers:125 - http-outgoing-0 << Accept-Ranges: bytes
2020-01-26 15:25:13,254 DEBUG [Forwarding setTimeout on session af471443-fa15-40a6-ab5c-67b829db4cdc to remote] MainClientExec:285 - Connection can be kept alive indefinitely
2020-01-26 15:25:13,254 DEBUG [Forwarding setTimeout on session af471443-fa15-40a6-ab5c-67b829db4cdc to remote] PoolingHttpClientConnectionManager:320 - Connection [id: 0][route: {}->http://localhost:22633] can be kept alive indefinitely
2020-01-26 15:25:13,255 DEBUG [Forwarding setTimeout on session af471443-fa15-40a6-ab5c-67b829db4cdc to remote] PoolingHttpClientConnectionManager:326 - Connection released: [id: 0][route: {}->http://localhost:22633][total kept alive: 1; route allocated: 1 of 2000; total allocated: 1 of 2000]
2020-01-26 15:25:13,258 DEBUG [Forwarding get on session af471443-fa15-40a6-ab5c-67b829db4cdc to remote] RequestAddCookies:123 - CookieSpec selected: default
2020-01-26 15:25:13,259 DEBUG [Forwarding get on session af471443-fa15-40a6-ab5c-67b829db4cdc to remote] RequestAuthCache:77 - Auth cache not set in the context
2020-01-26 15:25:13,260 DEBUG [Forwarding get on session af471443-fa15-40a6-ab5c-67b829db4cdc to remote] PoolingHttpClientConnectionManager:255 - Connection request: [route: {}->http://localhost:22633][total kept alive: 1; route allocated: 1 of 2000; total allocated: 1 of 2000]
2020-01-26 15:25:13,261 DEBUG [Forwarding get on session af471443-fa15-40a6-ab5c-67b829db4cdc to remote] PoolingHttpClientConnectionManager:288 - Connection leased: [id: 0][route: {}->http://localhost:22633][total kept alive: 0; route allocated: 1 of 2000; total allocated: 1 of 2000]
2020-01-26 15:25:13,261 DEBUG [Forwarding get on session af471443-fa15-40a6-ab5c-67b829db4cdc to remote] MainClientExec:208 - Stale connection check
2020-01-26 15:25:13,263 DEBUG [Forwarding get on session af471443-fa15-40a6-ab5c-67b829db4cdc to remote] wire:87 - http-outgoing-0 << "[read] I/O error: Read timed out"
2020-01-26 15:25:13,264 DEBUG [Forwarding get on session af471443-fa15-40a6-ab5c-67b829db4cdc to remote] DefaultManagedHttpClientConnection:88 - http-outgoing-0: set socket timeout to 10800000
2020-01-26 15:25:13,264 DEBUG [Forwarding get on session af471443-fa15-40a6-ab5c-67b829db4cdc to remote] MainClientExec:256 - Executing request POST /session/af471443-fa15-40a6-ab5c-67b829db4cdc/url HTTP/1.1
2020-01-26 15:25:13,265 DEBUG [Forwarding get on session af471443-fa15-40a6-ab5c-67b829db4cdc to remote] MainClientExec:261 - Target auth state: UNCHALLENGED
2020-01-26 15:25:13,265 DEBUG [Forwarding get on session af471443-fa15-40a6-ab5c-67b829db4cdc to remote] MainClientExec:267 - Proxy auth state: UNCHALLENGED
2020-01-26 15:25:13,267 DEBUG [Forwarding get on session af471443-fa15-40a6-ab5c-67b829db4cdc to remote] headers:133 - http-outgoing-0 >> POST /session/af471443-fa15-40a6-ab5c-67b829db4cdc/url HTTP/1.1
2020-01-26 15:25:13,267 DEBUG [Forwarding get on session af471443-fa15-40a6-ab5c-67b829db4cdc to remote] headers:136 - http-outgoing-0 >> Content-Type: application/json; charset=utf-8
2020-01-26 15:25:13,268 DEBUG [Forwarding get on session af471443-fa15-40a6-ab5c-67b829db4cdc to remote] headers:136 - http-outgoing-0 >> Content-Length: 37
2020-01-26 15:25:13,269 DEBUG [Forwarding get on session af471443-fa15-40a6-ab5c-67b829db4cdc to remote] headers:136 - http-outgoing-0 >> Host: localhost:22633
2020-01-26 15:25:13,270 DEBUG [Forwarding get on session af471443-fa15-40a6-ab5c-67b829db4cdc to remote] headers:136 - http-outgoing-0 >> Connection: Keep-Alive
2020-01-26 15:25:13,270 DEBUG [Forwarding get on session af471443-fa15-40a6-ab5c-67b829db4cdc to remote] headers:136 - http-outgoing-0 >> User-Agent: Apache-HttpClient/4.5.3 (Java/9.0.4)
2020-01-26 15:25:13,271 DEBUG [Forwarding get on session af471443-fa15-40a6-ab5c-67b829db4cdc to remote] headers:136 - http-outgoing-0 >> Accept-Encoding: gzip,deflate
2020-01-26 15:25:13,272 DEBUG [Forwarding get on session af471443-fa15-40a6-ab5c-67b829db4cdc to remote] wire:73 - http-outgoing-0 >> "POST /session/af471443-fa15-40a6-ab5c-67b829db4cdc/url HTTP/1.1[\r][\n]"
2020-01-26 15:25:13,272 DEBUG [Forwarding get on session af471443-fa15-40a6-ab5c-67b829db4cdc to remote] wire:73 - http-outgoing-0 >> "Content-Type: application/json; charset=utf-8[\r][\n]"
2020-01-26 15:25:13,273 DEBUG [Forwarding get on session af471443-fa15-40a6-ab5c-67b829db4cdc to remote] wire:73 - http-outgoing-0 >> "Content-Length: 37[\r][\n]"
2020-01-26 15:25:13,274 DEBUG [Forwarding get on session af471443-fa15-40a6-ab5c-67b829db4cdc to remote] wire:73 - http-outgoing-0 >> "Host: localhost:22633[\r][\n]"
2020-01-26 15:25:13,274 DEBUG [Forwarding get on session af471443-fa15-40a6-ab5c-67b829db4cdc to remote] wire:73 - http-outgoing-0 >> "Connection: Keep-Alive[\r][\n]"
2020-01-26 15:25:13,275 DEBUG [Forwarding get on session af471443-fa15-40a6-ab5c-67b829db4cdc to remote] wire:73 - http-outgoing-0 >> "User-Agent: Apache-HttpClient/4.5.3 (Java/9.0.4)[\r][\n]"
2020-01-26 15:25:13,275 DEBUG [Forwarding get on session af471443-fa15-40a6-ab5c-67b829db4cdc to remote] wire:73 - http-outgoing-0 >> "Accept-Encoding: gzip,deflate[\r][\n]"
2020-01-26 15:25:13,276 DEBUG [Forwarding get on session af471443-fa15-40a6-ab5c-67b829db4cdc to remote] wire:73 - http-outgoing-0 >> "[\r][\n]"
2020-01-26 15:25:13,276 DEBUG [Forwarding get on session af471443-fa15-40a6-ab5c-67b829db4cdc to remote] wire:87 - http-outgoing-0 >> "{"url":"https://www.phptravels.net/"}"
2020-01-26 15:26:13,465 DEBUG [Forwarding get on session af471443-fa15-40a6-ab5c-67b829db4cdc to remote] wire:73 - http-outgoing-0 << "HTTP/1.1 500 Internal Server Error[\r][\n]"
2020-01-26 15:26:13,466 DEBUG [Forwarding get on session af471443-fa15-40a6-ab5c-67b829db4cdc to remote] wire:73 - http-outgoing-0 << "Content-Length: 119[\r][\n]"
2020-01-26 15:26:13,467 DEBUG [Forwarding get on session af471443-fa15-40a6-ab5c-67b829db4cdc to remote] wire:73 - http-outgoing-0 << "Content-Type: application/json; charset=utf-8[\r][\n]"
2020-01-26 15:26:13,467 DEBUG [Forwarding get on session af471443-fa15-40a6-ab5c-67b829db4cdc to remote] wire:73 - http-outgoing-0 << "Cache-Control: no-cache[\r][\n]"
2020-01-26 15:26:13,468 DEBUG [Forwarding get on session af471443-fa15-40a6-ab5c-67b829db4cdc to remote] wire:73 - http-outgoing-0 << "Vary: Accept-Charset, Accept-Encoding, Accept-Language, Accept[\r][\n]"
2020-01-26 15:26:13,469 DEBUG [Forwarding get on session af471443-fa15-40a6-ab5c-67b829db4cdc to remote] wire:73 - http-outgoing-0 << "Accept-Ranges: bytes[\r][\n]"
2020-01-26 15:26:13,469 DEBUG [Forwarding get on session af471443-fa15-40a6-ab5c-67b829db4cdc to remote] wire:73 - http-outgoing-0 << "[\r][\n]"
2020-01-26 15:26:13,470 DEBUG [Forwarding get on session af471443-fa15-40a6-ab5c-67b829db4cdc to remote] wire:73 - http-outgoing-0 << "{[\n]"
2020-01-26 15:26:13,470 DEBUG [Forwarding get on session af471443-fa15-40a6-ab5c-67b829db4cdc to remote] wire:73 - http-outgoing-0 << "[0x9]"value" : [\n]"
2020-01-26 15:26:13,471 DEBUG [Forwarding get on session af471443-fa15-40a6-ab5c-67b829db4cdc to remote] wire:73 - http-outgoing-0 << "[0x9]{[\n]"
2020-01-26 15:26:13,472 DEBUG [Forwarding get on session af471443-fa15-40a6-ab5c-67b829db4cdc to remote] wire:73 - http-outgoing-0 << "[0x9][0x9]"error" : "timeout",[\n]"
2020-01-26 15:26:13,472 DEBUG [Forwarding get on session af471443-fa15-40a6-ab5c-67b829db4cdc to remote] wire:73 - http-outgoing-0 << "[0x9][0x9]"message" : "Timed out waiting for page to load.",[\n]"
2020-01-26 15:26:13,473 DEBUG [Forwarding get on session af471443-fa15-40a6-ab5c-67b829db4cdc to remote] wire:73 - http-outgoing-0 << "[0x9][0x9]"stacktrace" : ""[\n]"
2020-01-26 15:26:13,473 DEBUG [Forwarding get on session af471443-fa15-40a6-ab5c-67b829db4cdc to remote] wire:73 - http-outgoing-0 << "[0x9]}[\n]"
2020-01-26 15:26:13,474 DEBUG [Forwarding get on session af471443-fa15-40a6-ab5c-67b829db4cdc to remote] wire:73 - http-outgoing-0 << "}[\r][\n]"
2020-01-26 15:26:13,475 DEBUG [Forwarding get on session af471443-fa15-40a6-ab5c-67b829db4cdc to remote] headers:122 - http-outgoing-0 << HTTP/1.1 500 Internal Server Error
2020-01-26 15:26:13,475 DEBUG [Forwarding get on session af471443-fa15-40a6-ab5c-67b829db4cdc to remote] headers:125 - http-outgoing-0 << Content-Length: 119
2020-01-26 15:26:13,476 DEBUG [Forwarding get on session af471443-fa15-40a6-ab5c-67b829db4cdc to remote] headers:125 - http-outgoing-0 << Content-Type: application/json; charset=utf-8
2020-01-26 15:26:13,476 DEBUG [Forwarding get on session af471443-fa15-40a6-ab5c-67b829db4cdc to remote] headers:125 - http-outgoing-0 << Cache-Control: no-cache
2020-01-26 15:26:13,477 DEBUG [Forwarding get on session af471443-fa15-40a6-ab5c-67b829db4cdc to remote] headers:125 - http-outgoing-0 << Vary: Accept-Charset, Accept-Encoding, Accept-Language, Accept
2020-01-26 15:26:13,477 DEBUG [Forwarding get on session af471443-fa15-40a6-ab5c-67b829db4cdc to remote] headers:125 - http-outgoing-0 << Accept-Ranges: bytes
2020-01-26 15:26:13,479 DEBUG [Forwarding get on session af471443-fa15-40a6-ab5c-67b829db4cdc to remote] MainClientExec:285 - Connection can be kept alive indefinitely
2020-01-26 15:26:13,485 DEBUG [Forwarding get on session af471443-fa15-40a6-ab5c-67b829db4cdc to remote] PoolingHttpClientConnectionManager:320 - Connection [id: 0][route: {}->http://localhost:22633] can be kept alive indefinitely
2020-01-26 15:26:13,486 DEBUG [Forwarding get on session af471443-fa15-40a6-ab5c-67b829db4cdc to remote] PoolingHttpClientConnectionManager:326 - Connection released: [id: 0][route: {}->http://localhost:22633][total kept alive: 1; route allocated: 1 of 2000; total allocated: 1 of 2000]
